RP/0/RP0/CPU0:PE1(config)#interface gigabitEthernet 0/0/0/26 
RP/0/RP0/CPU0:PE1(config-if)#
Uncommitted changes found, commit them before exiting(yes/no/cancel)? [cancel]:
RP/0/RP0/CPU0:PE1(config)#
RP/0/RP0/CPU0:PE1(config)#exit
Uncommitted changes found, commit them before exiting(yes/no/cancel)? [cancel]:no
RP/0/RP0/CPU0:PE1#
RP/0/RP0/CPU0:PE1#
RP/0/RP0/CPU0:PE1#show running-config 
Wed Jan 22 08:56:25.326 UTC
Building configuration...
!! IOS XR Configuration 6.6.1.30I
!! Last configuration change at Wed Jan 22 07:31:51 2020 by ctrip
!
hostname PE1
telnet vrf MGMT ipv4 server max-servers 10
username tencent
 group root-lr
 group cisco-support
 secret 5 $1$Bs7b$mxHafzLuIoQDI57XPoWEi1
!
username ctrip
 group root-lr
 group cisco-support
 secret 5 $1$TUZ3$Apxc5PM5wPA92T72DuTil0
!
explicit-path name PATH1
 index 10 next-label 17003
 index 20 next-label 17002
 index 30 next-label 17005
!
vrf CE
 address-family ipv4 unicast
 !
!
vrf MGMT
 address-family ipv4 unicast
 !
!
vrf ctrip1000
 address-family ipv4 unicast
  import route-target
   1000:1000
  !
  export route-policy COMM
  export route-target
   65510:333
  !       
 !
!
address-family ipv4 unicast
!
line default
 transport input ssh telnet
!
ipv4 unnumbered mpls traffic-eng Loopback0
call-home
 service active
 contact smart-licensing
 profile CiscoTAC-1
  active
  destination transport-method http
 !
!
hw-module profile qos hqos-enable
hw-module profile tcam format access-list ipv4 enable-set-ttl
hw-module profile stats tx-scale-enhanced
ipv4 access-list site1
 10 permit ipv4 host 13.13.13.13 host 23.23.23.23
!
ipv4 access-list CE1-CE5
 10 permit ipv4 111.111.111.0/24 115.115.115.0/24
!
class-map match-any ef
 match dscp ef 
 end-class-map
! 
class-map match-any QOS-IP
 match access-group ipv4 site1 
 end-class-map
! 
class-map match-any ce1-ce5
 match dscp ef 
 end-class-map
! 
policy-map qos1
 class QOS-IP
  set forward-class 1
  shape average 5 gbps 
 ! 
 class class-default
 ! 
 end-policy-map
! 
policy-map Ing_Policing
 class ce1-ce5
  police rate 300 mbps 
  ! 
 ! 
 class class-default
 ! 
 end-policy-map
! 
interface Bundle-Ether1000
!
interface Bundle-Ether1000.101
 description toPE2-underlay
 ipv4 address 10.1.2.1 255.255.255.0
 encapsulation dot1q 101
!
interface Bundle-Ether1000.999
 vrf CE
 ipv4 address 112.112.112.1 255.255.255.0
 encapsulation dot1q 999
!
interface Bundle-Ether1001
!
interface Bundle-Ether1001.101
 description toPE3-underlay
 ipv4 address 10.1.3.1 255.255.255.0
 encapsulation dot1q 101
!
interface Bundle-Ether1002
!
interface Bundle-Ether1002.101
 ipv4 address 10.1.4.1 255.255.255.0
 encapsulation dot1q 101
!
interface Loopback0
 ipv4 address 1.1.1.1 255.255.255.255
!
interface Loopback99
 vrf ctrip1000
 ipv4 address 11.11.11.11 255.255.255.255
!
interface Loopback112
 vrf CE
 ipv4 address 122.122.122.122 255.255.255.255
!
interface tunnel-te1
 ipv4 unnumbered Loopback0
 shutdown
 signalled-bandwidth 1000000
 autoroute announce
 !
 destination 2.2.2.2
 fast-reroute
 affinity include red
 path-option 1 dynamic
!
interface tunnel-te2
 ipv4 unnumbered Loopback0
 autoroute announce
 !
 destination 5.5.5.5
 fast-reroute protect node
 affinity 0x1 mask 0x3
 path-option 1 dynamic
 path-option 10 explicit name PATH1
!
interface MgmtEth0/RP0/CPU0/0
 vrf MGMT
 ipv4 address 10.4.253.201 255.255.255.0
!
interface GigabitEthernet0/0/0/26
 mtu 9014
 load-interval 30
!
interface GigabitEthernet0/0/0/26.999
 ipv4 address 19.19.19.1 255.255.255.0
 encapsulation dot1q 999
!
interface GigabitEthernet0/0/0/26.2001 l2transport
 encapsulation dot1q 100
 rewrite ingress tag pop 1 symmetric
!
interface TenGigE0/0/0/0
 description toCR2
 ipv4 address 10.1.2.1 255.255.255.0
 load-interval 30
!
interface TenGigE0/0/0/1
 description toCR3
 bundle id 1001 mode on
 load-interval 30
!
interface TenGigE0/0/0/2
 description toPE4
 bundle id 1002 mode on
!
interface TenGigE0/0/0/3
 shutdown 
!
interface TenGigE0/0/0/4
 shutdown
!
interface TenGigE0/0/0/5
 shutdown
!
interface TenGigE0/0/0/6
 description toCR6
 ipv4 address 10.1.6.1 255.255.255.0
!
interface TenGigE0/0/0/7
 shutdown
!
interface TenGigE0/0/0/8
 shutdown
!
interface TenGigE0/0/0/9
 shutdown
!
interface TenGigE0/0/0/10
 shutdown
!
interface TenGigE0/0/0/11
 shutdown
!
interface TenGigE0/0/0/12
 shutdown
!
interface TenGigE0/0/0/13
 shutdown
!
interface TenGigE0/0/0/14
 shutdown
!
interface TenGigE0/0/0/15
 shutdown
!
interface TenGigE0/0/0/16
 shutdown
!
interface TenGigE0/0/0/17
 shutdown
!
interface TenGigE0/0/0/18
 shutdown
!
interface TenGigE0/0/0/19
 shutdown
!
interface TenGigE0/0/0/20
 shutdown
!
interface TenGigE0/0/0/21
 shutdown
!
interface TenGigE0/0/0/22
 shutdown
!
interface TenGigE0/0/0/23
 shutdown
!
interface TenGigE0/0/0/24
 shutdown
!
interface TenGigE0/0/0/25
 shutdown
!
interface TenGigE0/0/0/27
 shutdown
!
interface TenGigE0/0/0/28
 shutdown
!
interface TenGigE0/0/0/29
 shutdown
!
interface TenGigE0/0/0/30
 shutdown
!
interface TenGigE0/0/0/31
 shutdown
!
interface TenGigE0/0/0/32
 shutdown
!
interface TenGigE0/0/0/33
 shutdown
!
interface TenGigE0/0/0/34
 shutdown
!
interface TenGigE0/0/0/35
 shutdown
!
interface TenGigE0/0/0/36
 shutdown
!
interface TenGigE0/0/0/37
 shutdown
!
interface TenGigE0/0/0/38
 shutdown
!
interface TenGigE0/0/0/39
 shutdown
!
interface HundredGigE0/0/1/0
 shutdown
!
interface HundredGigE0/0/1/1
 shutdown
!
interface HundredGigE0/0/1/2
 shutdown
!
interface HundredGigE0/0/1/3
 shutdown
!
interface preconfigure GigabitEthernet0/0/0/4
!
interface preconfigure GigabitEthernet0/0/0/5
!
interface preconfigure GigabitEthernet0/0/0/8
 shutdown
!
interface preconfigure GigabitEthernet0/0/0/10
 shutdown
!
interface preconfigure GigabitEthernet0/0/0/14
 shutdown
!
interface preconfigure TenGigE0/0/0/26
!
interface preconfigure TenGigE0/0/1/0/0
 shutdown
!
interface preconfigure TenGigE0/0/1/0/1
 shutdown
!
interface preconfigure TenGigE0/0/1/0/2
 shutdown
!
interface preconfigure TenGigE0/0/1/0/3
 shutdown
!
interface preconfigure TenGigE0/0/1/1/0
 shutdown
!
interface preconfigure TenGigE0/0/1/1/1
 shutdown
!
interface preconfigure TenGigE0/0/1/1/2
 shutdown
!
interface preconfigure TenGigE0/0/1/1/3
 shutdown
!
interface preconfigure TenGigE0/0/1/2/0
 shutdown
!
interface preconfigure TenGigE0/0/1/2/1
 shutdown
!
interface preconfigure TenGigE0/0/1/2/2
 shutdown
!
interface preconfigure TenGigE0/0/1/2/3
 shutdown
!
interface preconfigure TenGigE0/0/1/3/0
 shutdown
!
interface preconfigure TenGigE0/0/1/3/1
 shutdown
!
interface preconfigure TenGigE0/0/1/3/2
 shutdown
!
interface preconfigure TenGigE0/0/1/3/3
 shutdown
!
interface preconfigure FortyGigE0/0/1/0
 bundle id 999 mode on
!
!
rd-set 1.1.1.1:
end-set
!
extcommunity-set rt COMM1
  65510:123
end-set
!
extcommunity-set rt COMM2
  65510:234
end-set
!
extcommunity-set rt COMM3
  1000:1000
end-set
!
extcommunity-set opaque GREEN
  30
end-set
!
route-policy COMM
  set extcommunity rt COMM1 additive
  set extcommunity rt COMM2 additive
  set extcommunity rt COMM3 additive
end-policy
!
route-policy PASS
  pass
end-policy
!
route-policy pass
  pass
end-policy
!
router static
 vrf MGMT
  address-family ipv4 unicast
   0.0.0.0/0 10.4.109.1
   0.0.0.0/0 10.4.253.254
  !
 !
!
router isis 1
 is-type level-2-only
 net 47.0004.004d.0001.0001.0c11.1111.00
 distribute link-state level 2
 address-family ipv4 unicast
  metric-style wide
  mpls traffic-eng level-2-only
  mpls traffic-eng router-id Loopback0
  segment-routing mpls sr-prefer
 !
 interface Bundle-Ether1000.101
  point-to-point
  address-family ipv4 unicast
  !
 !
 interface Bundle-Ether1001.101
  point-to-point
  address-family ipv4 unicast
   fast-reroute per-prefix
   adjacency-sid absolute 190103 protected
  !
 !
 interface Bundle-Ether1002.101
  point-to-point
  address-family ipv4 unicast
  !
 !
 interface Loopback0
  point-to-point
  address-family ipv4 unicast
   prefix-sid absolute 17001
  !
 !
 interface GigabitEthernet0/0/0/26
  point-to-point
  address-family ipv4 unicast
  !
 !
 interface GigabitEthernet0/0/0/26.999
  passive
  point-to-point
  address-family ipv4 unicast
  !
 !
 interface TenGigE0/0/0/0
  point-to-point
  address-family ipv4 unicast
   fast-reroute per-prefix
   adjacency-sid absolute 190102
  !
 !
 interface TenGigE0/0/0/1
  address-family ipv4 unicast
   fast-reroute per-prefix
  !
 !
 interface TenGigE0/0/0/6
  point-to-point
  address-family ipv4 unicast
   fast-reroute per-prefix
   fast-reroute per-prefix ti-lfa
  !
 !
!
router bgp 65510
 bgp graceful-restart
 address-family ipv4 unicast
 !
 address-family vpnv4 unicast
 !
 address-family l2vpn evpn
 !
 address-family link-state link-state
 !
 neighbor 2.2.2.2
  remote-as 65510
  update-source Loopback0
  address-family ipv4 unicast
  !
  address-family vpnv4 unicast
   multipath
   soft-reconfiguration inbound always
  !
  address-family l2vpn evpn
   soft-reconfiguration inbound always
  !
 !
 neighbor 3.3.3.3
  remote-as 65510
  update-source Loopback0
  address-family ipv4 unicast
  !
  address-family vpnv4 unicast
   multipath
   soft-reconfiguration inbound always
  !
  address-family l2vpn evpn
   soft-reconfiguration inbound always
  !
 !
 neighbor 6.6.6.6
  remote-as 65510
  update-source Loopback0
  address-family ipv4 unicast
  !
  address-family vpnv4 unicast
   multipath
   soft-reconfiguration inbound always
  !
  address-family l2vpn evpn
   soft-reconfiguration inbound always
  !
 !
 neighbor 19.19.19.9
  remote-as 65510
  update-source Loopback0
  address-family link-state link-state
   route-policy pass in
   route-policy pass out
   soft-reconfiguration inbound always
  !
 !
 vrf ctrip1000
  rd 1000:1000
  address-family ipv4 unicast
   label mode per-prefix
   redistribute connected
  !
  neighbor 111.111.111.11
   remote-as 100
   address-family ipv4 unicast
    route-policy pass in
    route-policy pass out
    soft-reconfiguration inbound always
   !
  !
 !
!
evpn
 evi 2001
  bgp
   rd 1000:1000
   route-target import 2000:2000
   route-target export 2000:2000
  !
  advertise-mac
  !
 !
 interface GigabitEthernet0/0/0/26
  ethernet-segment
   identifier type 0 01.11.00.00.00.00.00.00.01
  !
 !
!
l2vpn
 bridge group EVPN_ALL_ACTIVE
  bridge-domain EVPN_2001
   interface GigabitEthernet0/0/0/26.2001
   !
   evi 2001
   !
  !
 !
!
mpls oam
!
rsvp
 interface Bundle-Ether1000.101
  bandwidth percentage 100
 !
 interface Bundle-Ether1001.101
  bandwidth percentage 100
 !
 interface Bundle-Ether1002.101
  bandwidth percentage 100
 !
!
mpls traffic-eng
 interface Bundle-Ether1000.101
 !
 interface Bundle-Ether1001.101
 !
 interface Bundle-Ether1002.101
 !
 logging events all
 auto-tunnel pcc
  tunnel-id min 1000 max 1999
 !
!
mpls ldp
 address-family ipv4
  label
   local
    allocate for host-routes
   !
  !
 !
 interface Bundle-Ether1000.101
 !
 interface Bundle-Ether1001.101
 !
 interface Bundle-Ether1002.101
 !
!
segment-routing
 local-block 190000 200000
 traffic-eng
  interface tunnel-te2
  !
  segment-list LIST1
   index 10 mpls label 17003
   index 20 mpls label 17002
   index 30 mpls label 17005
  !
  segment-list LIST2
   index 10 mpls label 17003
   index 20 mpls label 17002
  !
  segment-list SIDLIST1
   index 10 mpls label 17003
   index 20 mpls label 190305
   index 30 mpls label 17002
  !
  segment-list SIDLIST2
   index 10 address ipv4 3.3.3.3
   index 20 address ipv4 10.3.5.3
   index 30 address ipv4 2.2.2.2
  !
  binding-sid explicit fallback-dynamic
  on-demand color 1001
   dynamic
    disjoint-path group-id 1 type srlg
   !
  !
  policy GREEN
   bandwidth 100000
   color 30 end-point ipv4 5.5.5.5
   candidate-paths
    preference 5
    !
    preference 10
    !
    preference 100
     explicit segment-list LIST1
     !
    !
   !
  !
  policy YELLOW
   color 20 end-point ipv4 2.2.2.2
   candidate-paths
    preference 10
     explicit segment-list LIST2
     !
    !
   !
  !
  policy ADJ_SID
   color 10 end-point ipv4 2.2.2.2
   candidate-paths
    preference 100
     explicit segment-list SIDLIST1
     !
    !
    preference 200
     explicit segment-list SIDLIST2
     !
    !
   !
  !
  policy PE1-PLCY
   color 20 end-point ipv4 3.3.3.3
   candidate-paths
    preference 100
     dynamic
      pcep
      !   
      metric
       type te
      !
     !
    !
   !
  !
  pcc
   source-address ipv4 1.1.1.1
   pce address ipv4 19.19.19.9
   !
   report-all
   profile 1
    path-selection invalidation-drop
   !
  !
 !
 adjacency-sid
  interface TenGigE0/0/0/0
   address-family ipv4 unicast
    l2-adjacency-sid absolute 19012 next-hop 0.0.0.0
   !
  !
 !
!
netconf agent tty
!
netconf-yang agent
 ssh
!
lldp
!
ssh server enable cipher aes-cbc 3des-cbc
ssh timeout 120
ssh server v2
ssh server vrf MGMT
ssh server vrf default
ssh server netconf vrf default
end

